Flutter crash report.
Please report a bug at https://github.com/flutter/flutter/issues.

## command

flutter --no-color pub get

## exception

_CastError: type 'YamlMap' is not a subtype of type 'String' in type cast

```
#0      CastIterator.current (dart:_internal/cast.dart:62:36)
#1      SetMixin.addAll (dart:collection/set.dart:57:45)
#2      new LinkedHashSet.of (dart:collection/linked_hash_set.dart:111:27)
#3      FlutterManifest.dependencies (package:flutter_tools/src/flutter_manifest.dart:82:43)
#4      findPlugins (package:flutter_tools/src/flutter_plugins.dart:86:24)
<asynchronous suspension>
#5      PackagesGetCommand.usageValues (package:flutter_tools/src/commands/packages.dart:101:36)
<asynchronous suspension>
#6      FlutterCommand.verifyThenRunCommand (package:flutter_tools/src/runner/flutter_command.dart:1271:15)
<asynchronous suspension>
#7      FlutterCommand.run.<anonymous closure> (package:flutter_tools/src/runner/flutter_command.dart:1125:27)
<asynchronous suspension>
#8      AppContext.run.<anonymous closure> (package:flutter_tools/src/base/context.dart:150:19)
<asynchronous suspension>
#9      CommandRunner.runCommand (package:args/command_runner.dart:209:13)
<asynchronous suspension>
#10     FlutterCommandRunner.runCommand.<anonymous closure> (package:flutter_tools/src/runner/flutter_command_runner.dart:288:9)
<asynchronous suspension>
#11     AppContext.run.<anonymous closure> (package:flutter_tools/src/base/context.dart:150:19)
<asynchronous suspension>
#12     FlutterCommandRunner.runCommand (package:flutter_tools/src/runner/flutter_command_runner.dart:236:5)
<asynchronous suspension>
#13     run.<anonymous closure>.<anonymous closure> (package:flutter_tools/runner.dart:62:9)
<asynchronous suspension>
#14     AppContext.run.<anonymous closure> (package:flutter_tools/src/base/context.dart:150:19)
<asynchronous suspension>
#15     main (package:flutter_tools/executable.dart:92:3)
<asynchronous suspension>
```

## flutter doctor

```
[✓] Flutter (Channel stable, 2.5.3, on Microsoft Windows [Version 10.0.19042.1466], locale en-US)
    • Flutter version 2.5.3 at C:\development\flutter
    • Upstream repository https://github.com/flutter/flutter.git
    • Framework revision 18116933e7 (4 months ago), 2021-10-15 10:46:35 -0700
    • Engine revision d3ea636dc5
    • Dart version 2.14.4

[✓] Android toolchain - develop for Android devices (Android SDK version 32.1.0-rc1)
    • Android SDK at C:\Users\Nada\AppData\Local\Android\sdk
    • Platform android-32, build-tools 32.1.0-rc1
    • Java binary at: C:\Program Files\Android\Android Studio\jre\bin\java
    • Java version OpenJDK Runtime Environment (build 11.0.11+9-b60-7590822)
    • All Android licenses accepted.

[✓] Chrome - develop for the web
    • Chrome at C:\Program Files (x86)\Google\Chrome\Application\chrome.exe

[✓] Android Studio (version 2021.1)
    • Android Studio at C:\Program Files\Android\Android Studio
    • Flutter plugin can be installed from:
      🔨 https://plugins.jetbrains.com/plugin/9212-flutter
    • Dart plugin can be installed from:
      🔨 https://plugins.jetbrains.com/plugin/6351-dart
    • Java version OpenJDK Runtime Environment (build 11.0.11+9-b60-7590822)

[✓] Connected device (3 available)
    • AOSP on IA Emulator (mobile) • emulator-5554 • android-x86    • Android 9 (API 28) (emulator)
    • Chrome (web)                 • chrome        • web-javascript • Google Chrome 98.0.4758.82
    • Edge (web)                   • edge          • web-javascript • Microsoft Edge 96.0.1054.43

• No issues found!
```
